2017/05/03 12:03:04 [error] [exception.CException] exception 'CException' with message 'CAssetManager.basePath "C:\inetpub\wwwroot\rab\assets" is invalid. Please make sure the directory exists and is writable by the Web server process.' in C:\inetpub\wwwroot\yii\framework\web\CAssetManager.php:138
Stack trace:
#0 C:\inetpub\wwwroot\yii\framework\web\CAssetManager.php(123): CAssetManager->setBasePath('C:\\inetpub\\wwwr...')
#1 C:\inetpub\wwwroot\yii\framework\web\CAssetManager.php(217): CAssetManager->getBasePath()
#2 C:\inetpub\wwwroot\yii\framework\web\CClientScript.php(511): CAssetManager->publish('C:\\inetpub\\wwwr...')
#3 C:\inetpub\wwwroot\yii\framework\web\CClientScript.php(548): CClientScript->getCoreScriptUrl()
#4 C:\inetpub\wwwroot\yii\framework\web\CClientScript.php(349): CClientScript->getPackageBaseUrl('jquery')
#5 C:\inetpub\wwwroot\yii\framework\web\CClientScript.php(208): CClientScript->renderCoreScripts()
#6 C:\inetpub\wwwroot\yii\framework\web\CController.php(351): CClientScript->render('<!DOCTYPE html>...')
#7 C:\inetpub\wwwroot\yii\framework\web\CController.php(788): CController->processOutput('<!DOCTYPE html>...')
#8 C:\inetpub\wwwroot\rab\protected\controllers\SiteController.php(72): CController->render('contact', Array)
#9 C:\inetpub\wwwroot\yii\framework\web\actions\CInlineAction.php(49): SiteController->actionContact()
#10 C:\inetpub\wwwroot\yii\framework\web\CController.php(308): CInlineAction->runWithParams(Array)
#11 C:\inetpub\wwwroot\yii\framework\web\CController.php(286): CController->runAction(Object(CInlineAction))
#12 C:\inetpub\wwwroot\yii\framework\web\CController.php(265): CController->runActionWithFilters(Object(CInlineAction), Array)
#13 C:\inetpub\wwwroot\yii\framework\web\CWebApplication.php(282): CController->run('contact')
#14 C:\inetpub\wwwroot\yii\framework\web\CWebApplication.php(141): CWebApplication->runController('site/contact')
#15 C:\inetpub\wwwroot\yii\framework\base\CApplication.php(185): CWebApplication->processRequest()
#16 C:\inetpub\wwwroot\rab\index.php(13): CApplication->run()
#17 {main}
REQUEST_URI=/rab/index.php?r=site/contact
HTTP_REFERER=http://10.80.7.130/rab/
---
2017/05/03 12:13:52 [error] [exception.CHttpException.403] exception 'CHttpException' with message 'You are not allowed to access this page.' in C:\inetpub\wwwroot\yii\framework\gii\GiiModule.php:170
Stack trace:
#0 C:\inetpub\wwwroot\yii\framework\web\CController.php(263): GiiModule->beforeControllerAction(Object(DefaultController), Object(CInlineAction))
#1 C:\inetpub\wwwroot\yii\framework\web\CWebApplication.php(282): CController->run('')
#2 C:\inetpub\wwwroot\yii\framework\web\CWebApplication.php(141): CWebApplication->runController('gii')
#3 C:\inetpub\wwwroot\yii\framework\base\CApplication.php(185): CWebApplication->processRequest()
#4 C:\inetpub\wwwroot\rab\index.php(13): CApplication->run()
#5 {main}
REQUEST_URI=/rab/index.php/gii
---
2017/05/04 14:52:13 [error] [php] Undefined variable: model (C:\inetpub\wwwroot\rab\protected\views\rabbits\admin.php:39)
Stack trace:
#0 C:\inetpub\wwwroot\yii\framework\web\CController.php(869): RabbitsController->renderFile()
#1 C:\inetpub\wwwroot\yii\framework\web\CController.php(782): RabbitsController->renderPartial()
#2 C:\inetpub\wwwroot\rab\protected\controllers\RabbitsController.php(128): RabbitsController->render()
#3 C:\inetpub\wwwroot\yii\framework\web\actions\CInlineAction.php(49): RabbitsController->actionIndex()
#4 C:\inetpub\wwwroot\yii\framework\web\CController.php(308): CInlineAction->runWithParams()
#5 C:\inetpub\wwwroot\yii\framework\web\filters\CFilterChain.php(133): RabbitsController->runAction()
#6 C:\inetpub\wwwroot\yii\framework\web\filters\CFilter.php(40): CFilterChain->run()
#7 C:\inetpub\wwwroot\yii\framework\web\CController.php(1145): CAccessControlFilter->filter()
#8 C:\inetpub\wwwroot\yii\framework\web\filters\CInlineFilter.php(58): RabbitsController->filterAccessControl()
#9 C:\inetpub\wwwroot\yii\framework\web\filters\CFilterChain.php(130): CInlineFilter->filter()
#10 C:\inetpub\wwwroot\yii\framework\web\CController.php(291): CFilterChain->run()
#11 C:\inetpub\wwwroot\yii\framework\web\CController.php(265): RabbitsController->runActionWithFilters()
#12 C:\inetpub\wwwroot\yii\framework\web\CWebApplication.php(282): RabbitsController->run()
#13 C:\inetpub\wwwroot\yii\framework\web\CWebApplication.php(141): CWebApplication->runController()
#14 C:\inetpub\wwwroot\yii\framework\base\CApplication.php(185): CWebApplication->processRequest()
#15 C:\inetpub\wwwroot\rab\index.php(13): CWebApplication->run()
REQUEST_URI=/rab/index.php/rabbits
in C:\inetpub\wwwroot\rab\protected\views\rabbits\admin.php (39)
in C:\inetpub\wwwroot\rab\protected\controllers\RabbitsController.php (128)
in C:\inetpub\wwwroot\rab\index.php (13)
2017/05/05 09:08:34 [error] [php] Undefined variable: date (C:\inetpub\wwwroot\yii\framework\base\CComponent.php(612) : eval()'d code:1)
Stack trace:
#0 C:\inetpub\wwwroot\yii\framework\zii\widgets\grid\CGridColumn.php(231): CDataColumn->getDataCellContent()
#1 C:\inetpub\wwwroot\yii\framework\zii\widgets\grid\CGridColumn.php(154): CDataColumn->renderDataCellContent()
#2 C:\inetpub\wwwroot\yii\framework\zii\widgets\grid\CGridView.php(639): CDataColumn->renderDataCell()
#3 C:\inetpub\wwwroot\yii\framework\zii\widgets\grid\CGridView.php(623): CGridView->renderDataCell()
#4 C:\inetpub\wwwroot\yii\framework\zii\widgets\grid\CGridView.php(579): CGridView->renderTableRow()
#5 C:\inetpub\wwwroot\yii\framework\zii\widgets\grid\CGridView.php(489): CGridView->renderTableBody()
#6 C:\inetpub\wwwroot\yii\framework\zii\widgets\CBaseListView.php(181): CGridView->renderItems()
#7 unknown(0): CGridView->renderSection()
#8 C:\inetpub\wwwroot\yii\framework\zii\widgets\CBaseListView.php(164): preg_replace_callback()
#9 C:\inetpub\wwwroot\yii\framework\zii\widgets\CBaseListView.php(149): CGridView->renderContent()
#10 C:\inetpub\wwwroot\yii\framework\web\CBaseController.php(181): CGridView->run()
#11 C:\inetpub\wwwroot\rab\protected\views\rabbits\admin.php(79): RabbitsController->widget()
#12 C:\inetpub\wwwroot\yii\framework\web\CBaseController.php(126): require()
#13 C:\inetpub\wwwroot\yii\framework\web\CBaseController.php(95): RabbitsController->renderInternal()
#14 C:\inetpub\wwwroot\yii\framework\web\CController.php(869): RabbitsController->renderFile()
#15 C:\inetpub\wwwroot\yii\framework\web\CController.php(782): RabbitsController->renderPartial()
#16 C:\inetpub\wwwroot\rab\protected\controllers\RabbitsController.php(145): RabbitsController->render()
#17 C:\inetpub\wwwroot\rab\protected\controllers\RabbitsController.php(126): RabbitsController->actionAdmin()
#18 C:\inetpub\wwwroot\yii\framework\web\actions\CInlineAction.php(49): RabbitsController->actionIndex()
#19 C:\inetpub\wwwroot\yii\framework\web\CController.php(308): CInlineAction->runWithParams()
#20 C:\inetpub\wwwroot\yii\framework\web\filters\CFilterChain.php(133): RabbitsController->runAction()
#21 C:\inetpub\wwwroot\yii\framework\web\filters\CFilter.php(40): CFilterChain->run()
#22 C:\inetpub\wwwroot\yii\framework\web\CController.php(1145): CAccessControlFilter->filter()
#23 C:\inetpub\wwwroot\yii\framework\web\filters\CInlineFilter.php(58): RabbitsController->filterAccessControl()
#24 C:\inetpub\wwwroot\yii\framework\web\filters\CFilterChain.php(130): CInlineFilter->filter()
#25 C:\inetpub\wwwroot\yii\framework\web\CController.php(291): CFilterChain->run()
#26 C:\inetpub\wwwroot\yii\framework\web\CController.php(265): RabbitsController->runActionWithFilters()
#27 C:\inetpub\wwwroot\yii\framework\web\CWebApplication.php(282): RabbitsController->run()
#28 C:\inetpub\wwwroot\yii\framework\web\CWebApplication.php(141): CWebApplication->runController()
#29 C:\inetpub\wwwroot\yii\framework\base\CApplication.php(185): CWebApplication->processRequest()
#30 C:\inetpub\wwwroot\rab\index.php(13): CWebApplication->run()
REQUEST_URI=/rab/index.php/rabbits
in C:\inetpub\wwwroot\rab\protected\views\rabbits\admin.php (79)
in C:\inetpub\wwwroot\rab\protected\controllers\RabbitsController.php (145)
in C:\inetpub\wwwroot\rab\protected\controllers\RabbitsController.php (126)
2017/05/05 13:49:43 [error] [php] htmlspecialchars() expects parameter 1 to be string, object given (C:\inetpub\wwwroot\yii\framework\web\helpers\CHtml.php:108)
Stack trace:
#0 C:\inetpub\wwwroot\yii\framework\utils\CFormatter.php(128): CFormatter->formatText()
#1 C:\inetpub\wwwroot\yii\framework\zii\widgets\grid\CDataColumn.php(145): CFormatter->format()
#2 C:\inetpub\wwwroot\yii\framework\zii\widgets\grid\CGridColumn.php(231): CDataColumn->getDataCellContent()
#3 C:\inetpub\wwwroot\yii\framework\zii\widgets\grid\CGridColumn.php(154): CDataColumn->renderDataCellContent()
#4 C:\inetpub\wwwroot\yii\framework\zii\widgets\grid\CGridView.php(639): CDataColumn->renderDataCell()
#5 C:\inetpub\wwwroot\yii\framework\zii\widgets\grid\CGridView.php(623): CGridView->renderDataCell()
#6 C:\inetpub\wwwroot\yii\framework\zii\widgets\grid\CGridView.php(579): CGridView->renderTableRow()
#7 C:\inetpub\wwwroot\yii\framework\zii\widgets\grid\CGridView.php(489): CGridView->renderTableBody()
#8 C:\inetpub\wwwroot\yii\framework\zii\widgets\CBaseListView.php(181): CGridView->renderItems()
#9 unknown(0): CGridView->renderSection()
#10 C:\inetpub\wwwroot\yii\framework\zii\widgets\CBaseListView.php(164): preg_replace_callback()
#11 C:\inetpub\wwwroot\yii\framework\zii\widgets\CBaseListView.php(149): CGridView->renderContent()
#12 C:\inetpub\wwwroot\yii\framework\web\CBaseController.php(181): CGridView->run()
#13 C:\inetpub\wwwroot\rab\protected\views\rabbits\admin.php(99): RabbitsController->widget()
#14 C:\inetpub\wwwroot\yii\framework\web\CBaseController.php(126): require()
#15 C:\inetpub\wwwroot\yii\framework\web\CBaseController.php(95): RabbitsController->renderInternal()
#16 C:\inetpub\wwwroot\yii\framework\web\CController.php(869): RabbitsController->renderFile()
#17 C:\inetpub\wwwroot\yii\framework\web\CController.php(782): RabbitsController->renderPartial()
#18 C:\inetpub\wwwroot\rab\protected\controllers\RabbitsController.php(145): RabbitsController->render()
#19 C:\inetpub\wwwroot\rab\protected\controllers\RabbitsController.php(126): RabbitsController->actionAdmin()
#20 C:\inetpub\wwwroot\yii\framework\web\actions\CInlineAction.php(49): RabbitsController->actionIndex()
#21 C:\inetpub\wwwroot\yii\framework\web\CController.php(308): CInlineAction->runWithParams()
#22 C:\inetpub\wwwroot\yii\framework\web\filters\CFilterChain.php(133): RabbitsController->runAction()
#23 C:\inetpub\wwwroot\yii\framework\web\filters\CFilter.php(40): CFilterChain->run()
#24 C:\inetpub\wwwroot\yii\framework\web\CController.php(1145): CAccessControlFilter->filter()
#25 C:\inetpub\wwwroot\yii\framework\web\filters\CInlineFilter.php(58): RabbitsController->filterAccessControl()
#26 C:\inetpub\wwwroot\yii\framework\web\filters\CFilterChain.php(130): CInlineFilter->filter()
#27 C:\inetpub\wwwroot\yii\framework\web\CController.php(291): CFilterChain->run()
#28 C:\inetpub\wwwroot\yii\framework\web\CController.php(265): RabbitsController->runActionWithFilters()
#29 C:\inetpub\wwwroot\yii\framework\web\CWebApplication.php(282): RabbitsController->run()
#30 C:\inetpub\wwwroot\yii\framework\web\CWebApplication.php(141): CWebApplication->runController()
#31 C:\inetpub\wwwroot\yii\framework\base\CApplication.php(185): CWebApplication->processRequest()
#32 C:\inetpub\wwwroot\rab\index.php(13): CWebApplication->run()
REQUEST_URI=/rab/index.php/rabbits
in C:\inetpub\wwwroot\rab\protected\views\rabbits\admin.php (99)
in C:\inetpub\wwwroot\rab\protected\controllers\RabbitsController.php (145)
in C:\inetpub\wwwroot\rab\protected\controllers\RabbitsController.php (126)
2017/05/05 16:35:14 [error] [exception.CException] exception 'CException' with message 'Не определено свойство "Rabbits.vozrast".' in C:\inetpub\wwwroot\yii\framework\base\CComponent.php:130
Stack trace:
#0 C:\inetpub\wwwroot\yii\framework\db\ar\CActiveRecord.php(145): CComponent->__get('vozrast')
#1 C:\inetpub\wwwroot\rab\protected\models\Rabbits.php(119): CActiveRecord->__get('vozrast')
#2 C:\inetpub\wwwroot\rab\protected\views\rabbits\admin.php(45): Rabbits->search()
#3 C:\inetpub\wwwroot\yii\framework\web\CBaseController.php(126): require('C:\\inetpub\\wwwr...')
#4 C:\inetpub\wwwroot\yii\framework\web\CBaseController.php(95): CBaseController->renderInternal('C:\\inetpub\\wwwr...', Array, true)
#5 C:\inetpub\wwwroot\yii\framework\web\CController.php(869): CBaseController->renderFile('C:\\inetpub\\wwwr...', Array, true)
#6 C:\inetpub\wwwroot\yii\framework\web\CController.php(782): CController->renderPartial('admin', Array, true)
#7 C:\inetpub\wwwroot\rab\protected\controllers\RabbitsController.php(145): CController->render('admin', Array)
#8 C:\inetpub\wwwroot\rab\protected\controllers\RabbitsController.php(126): RabbitsController->actionAdmin()
#9 C:\inetpub\wwwroot\yii\framework\web\actions\CInlineAction.php(49): RabbitsController->actionIndex()
#10 C:\inetpub\wwwroot\yii\framework\web\CController.php(308): CInlineAction->runWithParams(Array)
#11 C:\inetpub\wwwroot\yii\framework\web\filters\CFilterChain.php(133): CController->runAction(Object(CInlineAction))
#12 C:\inetpub\wwwroot\yii\framework\web\filters\CFilter.php(40): CFilterChain->run()
#13 C:\inetpub\wwwroot\yii\framework\web\CController.php(1145): CFilter->filter(Object(CFilterChain))
#14 C:\inetpub\wwwroot\yii\framework\web\filters\CInlineFilter.php(58): CController->filterAccessControl(Object(CFilterChain))
#15 C:\inetpub\wwwroot\yii\framework\web\filters\CFilterChain.php(130): CInlineFilter->filter(Object(CFilterChain))
#16 C:\inetpub\wwwroot\yii\framework\web\CController.php(291): CFilterChain->run()
#17 C:\inetpub\wwwroot\yii\framework\web\CController.php(265): CController->runActionWithFilters(Object(CInlineAction), Array)
#18 C:\inetpub\wwwroot\yii\framework\web\CWebApplication.php(282): CController->run('')
#19 C:\inetpub\wwwroot\yii\framework\web\CWebApplication.php(141): CWebApplication->runController('rabbits')
#20 C:\inetpub\wwwroot\yii\framework\base\CApplication.php(185): CWebApplication->processRequest()
#21 C:\inetpub\wwwroot\rab\index.php(13): CApplication->run()
#22 {main}
REQUEST_URI=/rab/index.php/rabbits
---
2017/05/05 16:55:23 [error] [php] htmlspecialchars() expects parameter 1 to be string, object given (C:\inetpub\wwwroot\yii\framework\web\helpers\CHtml.php:108)
Stack trace:
#0 C:\inetpub\wwwroot\yii\framework\utils\CFormatter.php(128): CFormatter->formatText()
#1 C:\inetpub\wwwroot\yii\framework\zii\widgets\grid\CDataColumn.php(145): CFormatter->format()
#2 C:\inetpub\wwwroot\yii\framework\zii\widgets\grid\CGridColumn.php(231): CDataColumn->getDataCellContent()
#3 C:\inetpub\wwwroot\yii\framework\zii\widgets\grid\CGridColumn.php(154): CDataColumn->renderDataCellContent()
#4 C:\inetpub\wwwroot\yii\framework\zii\widgets\grid\CGridView.php(639): CDataColumn->renderDataCell()
#5 C:\inetpub\wwwroot\yii\framework\zii\widgets\grid\CGridView.php(623): CGridView->renderDataCell()
#6 C:\inetpub\wwwroot\yii\framework\zii\widgets\grid\CGridView.php(579): CGridView->renderTableRow()
#7 C:\inetpub\wwwroot\yii\framework\zii\widgets\grid\CGridView.php(489): CGridView->renderTableBody()
#8 C:\inetpub\wwwroot\yii\framework\zii\widgets\CBaseListView.php(181): CGridView->renderItems()
#9 unknown(0): CGridView->renderSection()
#10 C:\inetpub\wwwroot\yii\framework\zii\widgets\CBaseListView.php(164): preg_replace_callback()
#11 C:\inetpub\wwwroot\yii\framework\zii\widgets\CBaseListView.php(149): CGridView->renderContent()
#12 C:\inetpub\wwwroot\yii\framework\web\CBaseController.php(181): CGridView->run()
#13 C:\inetpub\wwwroot\rab\protected\views\rabbits\admin.php(102): RabbitsController->widget()
#14 C:\inetpub\wwwroot\yii\framework\web\CBaseController.php(126): require()
#15 C:\inetpub\wwwroot\yii\framework\web\CBaseController.php(95): RabbitsController->renderInternal()
#16 C:\inetpub\wwwroot\yii\framework\web\CController.php(869): RabbitsController->renderFile()
#17 C:\inetpub\wwwroot\yii\framework\web\CController.php(782): RabbitsController->renderPartial()
#18 C:\inetpub\wwwroot\rab\protected\controllers\RabbitsController.php(145): RabbitsController->render()
#19 C:\inetpub\wwwroot\rab\protected\controllers\RabbitsController.php(126): RabbitsController->actionAdmin()
#20 C:\inetpub\wwwroot\yii\framework\web\actions\CInlineAction.php(49): RabbitsController->actionIndex()
#21 C:\inetpub\wwwroot\yii\framework\web\CController.php(308): CInlineAction->runWithParams()
#22 C:\inetpub\wwwroot\yii\framework\web\filters\CFilterChain.php(133): RabbitsController->runAction()
#23 C:\inetpub\wwwroot\yii\framework\web\filters\CFilter.php(40): CFilterChain->run()
#24 C:\inetpub\wwwroot\yii\framework\web\CController.php(1145): CAccessControlFilter->filter()
#25 C:\inetpub\wwwroot\yii\framework\web\filters\CInlineFilter.php(58): RabbitsController->filterAccessControl()
#26 C:\inetpub\wwwroot\yii\framework\web\filters\CFilterChain.php(130): CInlineFilter->filter()
#27 C:\inetpub\wwwroot\yii\framework\web\CController.php(291): CFilterChain->run()
#28 C:\inetpub\wwwroot\yii\framework\web\CController.php(265): RabbitsController->runActionWithFilters()
#29 C:\inetpub\wwwroot\yii\framework\web\CWebApplication.php(282): RabbitsController->run()
#30 C:\inetpub\wwwroot\yii\framework\web\CWebApplication.php(141): CWebApplication->runController()
#31 C:\inetpub\wwwroot\yii\framework\base\CApplication.php(185): CWebApplication->processRequest()
#32 C:\inetpub\wwwroot\rab\index.php(13): CWebApplication->run()
REQUEST_URI=/rab/index.php/rabbits
in C:\inetpub\wwwroot\rab\protected\views\rabbits\admin.php (102)
in C:\inetpub\wwwroot\rab\protected\controllers\RabbitsController.php (145)
in C:\inetpub\wwwroot\rab\protected\controllers\RabbitsController.php (126)
2017/05/05 16:58:27 [error] [php] htmlspecialchars() expects parameter 1 to be string, object given (C:\inetpub\wwwroot\yii\framework\web\helpers\CHtml.php:108)
Stack trace:
#0 C:\inetpub\wwwroot\yii\framework\utils\CFormatter.php(128): CFormatter->formatText()
#1 C:\inetpub\wwwroot\yii\framework\zii\widgets\grid\CDataColumn.php(145): CFormatter->format()
#2 C:\inetpub\wwwroot\yii\framework\zii\widgets\grid\CGridColumn.php(231): CDataColumn->getDataCellContent()
#3 C:\inetpub\wwwroot\yii\framework\zii\widgets\grid\CGridColumn.php(154): CDataColumn->renderDataCellContent()
#4 C:\inetpub\wwwroot\yii\framework\zii\widgets\grid\CGridView.php(639): CDataColumn->renderDataCell()
#5 C:\inetpub\wwwroot\yii\framework\zii\widgets\grid\CGridView.php(623): CGridView->renderDataCell()
#6 C:\inetpub\wwwroot\yii\framework\zii\widgets\grid\CGridView.php(579): CGridView->renderTableRow()
#7 C:\inetpub\wwwroot\yii\framework\zii\widgets\grid\CGridView.php(489): CGridView->renderTableBody()
#8 C:\inetpub\wwwroot\yii\framework\zii\widgets\CBaseListView.php(181): CGridView->renderItems()
#9 unknown(0): CGridView->renderSection()
#10 C:\inetpub\wwwroot\yii\framework\zii\widgets\CBaseListView.php(164): preg_replace_callback()
#11 C:\inetpub\wwwroot\yii\framework\zii\widgets\CBaseListView.php(149): CGridView->renderContent()
#12 C:\inetpub\wwwroot\yii\framework\web\CBaseController.php(181): CGridView->run()
#13 C:\inetpub\wwwroot\rab\protected\views\rabbits\admin.php(102): RabbitsController->widget()
#14 C:\inetpub\wwwroot\yii\framework\web\CBaseController.php(126): require()
#15 C:\inetpub\wwwroot\yii\framework\web\CBaseController.php(95): RabbitsController->renderInternal()
#16 C:\inetpub\wwwroot\yii\framework\web\CController.php(869): RabbitsController->renderFile()
#17 C:\inetpub\wwwroot\yii\framework\web\CController.php(782): RabbitsController->renderPartial()
#18 C:\inetpub\wwwroot\rab\protected\controllers\RabbitsController.php(145): RabbitsController->render()
#19 C:\inetpub\wwwroot\rab\protected\controllers\RabbitsController.php(126): RabbitsController->actionAdmin()
#20 C:\inetpub\wwwroot\yii\framework\web\actions\CInlineAction.php(49): RabbitsController->actionIndex()
#21 C:\inetpub\wwwroot\yii\framework\web\CController.php(308): CInlineAction->runWithParams()
#22 C:\inetpub\wwwroot\yii\framework\web\filters\CFilterChain.php(133): RabbitsController->runAction()
#23 C:\inetpub\wwwroot\yii\framework\web\filters\CFilter.php(40): CFilterChain->run()
#24 C:\inetpub\wwwroot\yii\framework\web\CController.php(1145): CAccessControlFilter->filter()
#25 C:\inetpub\wwwroot\yii\framework\web\filters\CInlineFilter.php(58): RabbitsController->filterAccessControl()
#26 C:\inetpub\wwwroot\yii\framework\web\filters\CFilterChain.php(130): CInlineFilter->filter()
#27 C:\inetpub\wwwroot\yii\framework\web\CController.php(291): CFilterChain->run()
#28 C:\inetpub\wwwroot\yii\framework\web\CController.php(265): RabbitsController->runActionWithFilters()
#29 C:\inetpub\wwwroot\yii\framework\web\CWebApplication.php(282): RabbitsController->run()
#30 C:\inetpub\wwwroot\yii\framework\web\CWebApplication.php(141): CWebApplication->runController()
#31 C:\inetpub\wwwroot\yii\framework\base\CApplication.php(185): CWebApplication->processRequest()
#32 C:\inetpub\wwwroot\rab\index.php(13): CWebApplication->run()
REQUEST_URI=/rab/index.php/rabbits
in C:\inetpub\wwwroot\rab\protected\views\rabbits\admin.php (102)
in C:\inetpub\wwwroot\rab\protected\controllers\RabbitsController.php (145)
in C:\inetpub\wwwroot\rab\protected\controllers\RabbitsController.php (126)
2017/05/10 11:18:19 [error] [exception.CHttpException.404] exception 'CHttpException' with message 'Невозможно обработать запрос "rabbit".' in C:\inetpub\wwwroot\yii\framework\web\CWebApplication.php:286
Stack trace:
#0 C:\inetpub\wwwroot\yii\framework\web\CWebApplication.php(141): CWebApplication->runController('rabbit')
#1 C:\inetpub\wwwroot\yii\framework\base\CApplication.php(185): CWebApplication->processRequest()
#2 C:\inetpub\wwwroot\rab\index.php(13): CApplication->run()
#3 {main}
REQUEST_URI=/rab/index.php/rabbit
---
2017/05/10 11:18:27 [error] [php] htmlspecialchars() expects parameter 1 to be string, object given (C:\inetpub\wwwroot\yii\framework\web\helpers\CHtml.php:108)
Stack trace:
#0 C:\inetpub\wwwroot\yii\framework\utils\CFormatter.php(128): CFormatter->formatText()
#1 C:\inetpub\wwwroot\yii\framework\zii\widgets\grid\CDataColumn.php(145): CFormatter->format()
#2 C:\inetpub\wwwroot\yii\framework\zii\widgets\grid\CGridColumn.php(231): CDataColumn->getDataCellContent()
#3 C:\inetpub\wwwroot\yii\framework\zii\widgets\grid\CGridColumn.php(154): CDataColumn->renderDataCellContent()
#4 C:\inetpub\wwwroot\yii\framework\zii\widgets\grid\CGridView.php(639): CDataColumn->renderDataCell()
#5 C:\inetpub\wwwroot\yii\framework\zii\widgets\grid\CGridView.php(623): CGridView->renderDataCell()
#6 C:\inetpub\wwwroot\yii\framework\zii\widgets\grid\CGridView.php(579): CGridView->renderTableRow()
#7 C:\inetpub\wwwroot\yii\framework\zii\widgets\grid\CGridView.php(489): CGridView->renderTableBody()
#8 C:\inetpub\wwwroot\yii\framework\zii\widgets\CBaseListView.php(181): CGridView->renderItems()
#9 unknown(0): CGridView->renderSection()
#10 C:\inetpub\wwwroot\yii\framework\zii\widgets\CBaseListView.php(164): preg_replace_callback()
#11 C:\inetpub\wwwroot\yii\framework\zii\widgets\CBaseListView.php(149): CGridView->renderContent()
#12 C:\inetpub\wwwroot\yii\framework\web\CBaseController.php(181): CGridView->run()
#13 C:\inetpub\wwwroot\rab\protected\views\rabbits\admin.php(102): RabbitsController->widget()
#14 C:\inetpub\wwwroot\yii\framework\web\CBaseController.php(126): require()
#15 C:\inetpub\wwwroot\yii\framework\web\CBaseController.php(95): RabbitsController->renderInternal()
#16 C:\inetpub\wwwroot\yii\framework\web\CController.php(869): RabbitsController->renderFile()
#17 C:\inetpub\wwwroot\yii\framework\web\CController.php(782): RabbitsController->renderPartial()
#18 C:\inetpub\wwwroot\rab\protected\controllers\RabbitsController.php(146): RabbitsController->render()
#19 C:\inetpub\wwwroot\rab\protected\controllers\RabbitsController.php(126): RabbitsController->actionAdmin()
#20 C:\inetpub\wwwroot\yii\framework\web\actions\CInlineAction.php(49): RabbitsController->actionIndex()
#21 C:\inetpub\wwwroot\yii\framework\web\CController.php(308): CInlineAction->runWithParams()
#22 C:\inetpub\wwwroot\yii\framework\web\filters\CFilterChain.php(133): RabbitsController->runAction()
#23 C:\inetpub\wwwroot\yii\framework\web\filters\CFilter.php(40): CFilterChain->run()
#24 C:\inetpub\wwwroot\yii\framework\web\CController.php(1145): CAccessControlFilter->filter()
#25 C:\inetpub\wwwroot\yii\framework\web\filters\CInlineFilter.php(58): RabbitsController->filterAccessControl()
#26 C:\inetpub\wwwroot\yii\framework\web\filters\CFilterChain.php(130): CInlineFilter->filter()
#27 C:\inetpub\wwwroot\yii\framework\web\CController.php(291): CFilterChain->run()
#28 C:\inetpub\wwwroot\yii\framework\web\CController.php(265): RabbitsController->runActionWithFilters()
#29 C:\inetpub\wwwroot\yii\framework\web\CWebApplication.php(282): RabbitsController->run()
#30 C:\inetpub\wwwroot\yii\framework\web\CWebApplication.php(141): CWebApplication->runController()
#31 C:\inetpub\wwwroot\yii\framework\base\CApplication.php(185): CWebApplication->processRequest()
#32 C:\inetpub\wwwroot\rab\index.php(13): CWebApplication->run()
REQUEST_URI=/rab/index.php/rabbits
in C:\inetpub\wwwroot\rab\protected\views\rabbits\admin.php (102)
in C:\inetpub\wwwroot\rab\protected\controllers\RabbitsController.php (146)
in C:\inetpub\wwwroot\rab\protected\controllers\RabbitsController.php (126)
2017/05/10 13:43:21 [error] [exception.CHttpException.404] exception 'CHttpException' with message 'Системе не удалось найти запрашиваемое действие "rabbits".' in C:\inetpub\wwwroot\yii\framework\web\CController.php:483
Stack trace:
#0 C:\inetpub\wwwroot\yii\framework\web\CController.php(270): CController->missingAction('rabbits')
#1 C:\inetpub\wwwroot\yii\framework\web\CWebApplication.php(282): CController->run('rabbits')
#2 C:\inetpub\wwwroot\yii\framework\web\CWebApplication.php(141): CWebApplication->runController('rabbits/rabbits...')
#3 C:\inetpub\wwwroot\yii\framework\base\CApplication.php(185): CWebApplication->processRequest()
#4 C:\inetpub\wwwroot\rab\index.php(13): CApplication->run()
#5 {main}
REQUEST_URI=/rab/index.php/rabbits/rabbits/work
HTTP_REFERER=http://10.80.7.130/rab/index.php/rabbits/index
---
2017/05/10 13:44:01 [error] [exception.CHttpException.404] exception 'CHttpException' with message 'Системе не удалось найти запрашиваемое действие "work".' in C:\inetpub\wwwroot\yii\framework\web\CController.php:483
Stack trace:
#0 C:\inetpub\wwwroot\yii\framework\web\CController.php(270): CController->missingAction('work')
#1 C:\inetpub\wwwroot\yii\framework\web\CWebApplication.php(282): CController->run('work')
#2 C:\inetpub\wwwroot\yii\framework\web\CWebApplication.php(141): CWebApplication->runController('rabbits/work')
#3 C:\inetpub\wwwroot\yii\framework\base\CApplication.php(185): CWebApplication->processRequest()
#4 C:\inetpub\wwwroot\rab\index.php(13): CApplication->run()
#5 {main}
REQUEST_URI=/rab/index.php/rabbits/work
HTTP_REFERER=http://10.80.7.130/rab/index.php/rabbits/index
---
2017/05/10 13:50:14 [error] [exception.CHttpException.404] exception 'CHttpException' with message 'Системе не удалось найти запрашиваемое действие "other".' in C:\inetpub\wwwroot\yii\framework\web\CController.php:483
Stack trace:
#0 C:\inetpub\wwwroot\yii\framework\web\CController.php(270): CController->missingAction('other')
#1 C:\inetpub\wwwroot\yii\framework\web\CWebApplication.php(282): CController->run('other')
#2 C:\inetpub\wwwroot\yii\framework\web\CWebApplication.php(141): CWebApplication->runController('rabbits/other')
#3 C:\inetpub\wwwroot\yii\framework\base\CApplication.php(185): CWebApplication->processRequest()
#4 C:\inetpub\wwwroot\rab\index.php(13): CApplication->run()
#5 {main}
REQUEST_URI=/rab/index.php/rabbits/other
HTTP_REFERER=http://10.80.7.130/rab/index.php/rabbits/index
---
2017/05/10 13:52:25 [error] [exception.CHttpException.404] exception 'CHttpException' with message 'Системе не удалось найти запрашиваемое действие "work".' in C:\inetpub\wwwroot\yii\framework\web\CController.php:483
Stack trace:
#0 C:\inetpub\wwwroot\yii\framework\web\CController.php(270): CController->missingAction('work')
#1 C:\inetpub\wwwroot\yii\framework\web\CWebApplication.php(282): CController->run('work')
#2 C:\inetpub\wwwroot\yii\framework\web\CWebApplication.php(141): CWebApplication->runController('rabbits/work')
#3 C:\inetpub\wwwroot\yii\framework\base\CApplication.php(185): CWebApplication->processRequest()
#4 C:\inetpub\wwwroot\rab\index.php(13): CApplication->run()
#5 {main}
REQUEST_URI=/rab/index.php/rabbits/work
HTTP_REFERER=http://10.80.7.130/rab/index.php/rabbits/index
---
2017/05/10 13:52:30 [error] [exception.CHttpException.404] exception 'CHttpException' with message 'Системе не удалось найти запрашиваемое действие "other".' in C:\inetpub\wwwroot\yii\framework\web\CController.php:483
Stack trace:
#0 C:\inetpub\wwwroot\yii\framework\web\CController.php(270): CController->missingAction('other')
#1 C:\inetpub\wwwroot\yii\framework\web\CWebApplication.php(282): CController->run('other')
#2 C:\inetpub\wwwroot\yii\framework\web\CWebApplication.php(141): CWebApplication->runController('rabbits/other')
#3 C:\inetpub\wwwroot\yii\framework\base\CApplication.php(185): CWebApplication->processRequest()
#4 C:\inetpub\wwwroot\rab\index.php(13): CApplication->run()
#5 {main}
REQUEST_URI=/rab/index.php/rabbits/other
HTTP_REFERER=http://10.80.7.130/rab/index.php/rabbits/index
---
2017/05/10 13:52:33 [error] [exception.CHttpException.404] exception 'CHttpException' with message 'Системе не удалось найти запрашиваемое действие "archive".' in C:\inetpub\wwwroot\yii\framework\web\CController.php:483
Stack trace:
#0 C:\inetpub\wwwroot\yii\framework\web\CController.php(270): CController->missingAction('archive')
#1 C:\inetpub\wwwroot\yii\framework\web\CWebApplication.php(282): CController->run('archive')
#2 C:\inetpub\wwwroot\yii\framework\web\CWebApplication.php(141): CWebApplication->runController('rabbits/archive')
#3 C:\inetpub\wwwroot\yii\framework\base\CApplication.php(185): CWebApplication->processRequest()
#4 C:\inetpub\wwwroot\rab\index.php(13): CApplication->run()
#5 {main}
REQUEST_URI=/rab/index.php/rabbits/archive
HTTP_REFERER=http://10.80.7.130/rab/index.php/rabbits/index
---
2017/05/10 13:55:13 [error] [exception.CHttpException.404] exception 'CHttpException' with message 'Системе не удалось найти запрашиваемое действие "work".' in C:\inetpub\wwwroot\yii\framework\web\CController.php:483
Stack trace:
#0 C:\inetpub\wwwroot\yii\framework\web\CController.php(270): CController->missingAction('work')
#1 C:\inetpub\wwwroot\yii\framework\web\CWebApplication.php(282): CController->run('work')
#2 C:\inetpub\wwwroot\yii\framework\web\CWebApplication.php(141): CWebApplication->runController('rabbits/work')
#3 C:\inetpub\wwwroot\yii\framework\base\CApplication.php(185): CWebApplication->processRequest()
#4 C:\inetpub\wwwroot\rab\index.php(13): CApplication->run()
#5 {main}
REQUEST_URI=/rab/index.php/rabbits/work
HTTP_REFERER=http://10.80.7.130/rab/index.php/rabbits/index
---
2017/05/10 14:21:04 [error] [php] Undefined variable: model (C:\inetpub\wwwroot\rab\protected\views\rabbits\work.php:44)
Stack trace:
#0 C:\inetpub\wwwroot\yii\framework\web\CController.php(869): RabbitsController->renderFile()
#1 C:\inetpub\wwwroot\yii\framework\web\CController.php(782): RabbitsController->renderPartial()
#2 C:\inetpub\wwwroot\rab\protected\controllers\RabbitsController.php(154): RabbitsController->render()
#3 C:\inetpub\wwwroot\yii\framework\web\actions\CInlineAction.php(49): RabbitsController->actionWork()
#4 C:\inetpub\wwwroot\yii\framework\web\CController.php(308): CInlineAction->runWithParams()
#5 C:\inetpub\wwwroot\yii\framework\web\filters\CFilterChain.php(133): RabbitsController->runAction()
#6 C:\inetpub\wwwroot\yii\framework\web\filters\CFilter.php(40): CFilterChain->run()
#7 C:\inetpub\wwwroot\yii\framework\web\CController.php(1145): CAccessControlFilter->filter()
#8 C:\inetpub\wwwroot\yii\framework\web\filters\CInlineFilter.php(58): RabbitsController->filterAccessControl()
#9 C:\inetpub\wwwroot\yii\framework\web\filters\CFilterChain.php(130): CInlineFilter->filter()
#10 C:\inetpub\wwwroot\yii\framework\web\CController.php(291): CFilterChain->run()
#11 C:\inetpub\wwwroot\yii\framework\web\CController.php(265): RabbitsController->runActionWithFilters()
#12 C:\inetpub\wwwroot\yii\framework\web\CWebApplication.php(282): RabbitsController->run()
#13 C:\inetpub\wwwroot\yii\framework\web\CWebApplication.php(141): CWebApplication->runController()
#14 C:\inetpub\wwwroot\yii\framework\base\CApplication.php(185): CWebApplication->processRequest()
#15 C:\inetpub\wwwroot\rab\index.php(13): CWebApplication->run()
REQUEST_URI=/rab/index.php/rabbits/work
in C:\inetpub\wwwroot\rab\protected\views\rabbits\work.php (44)
in C:\inetpub\wwwroot\rab\protected\controllers\RabbitsController.php (154)
in C:\inetpub\wwwroot\rab\index.php (13)
2017/05/10 14:21:58 [error] [php] Undefined variable: model (C:\inetpub\wwwroot\rab\protected\views\rabbits\work.php:44)
Stack trace:
#0 C:\inetpub\wwwroot\yii\framework\web\CController.php(869): RabbitsController->renderFile()
#1 C:\inetpub\wwwroot\yii\framework\web\CController.php(782): RabbitsController->renderPartial()
#2 C:\inetpub\wwwroot\rab\protected\controllers\RabbitsController.php(158): RabbitsController->render()
#3 C:\inetpub\wwwroot\yii\framework\web\actions\CInlineAction.php(49): RabbitsController->actionWork()
#4 C:\inetpub\wwwroot\yii\framework\web\CController.php(308): CInlineAction->runWithParams()
#5 C:\inetpub\wwwroot\yii\framework\web\filters\CFilterChain.php(133): RabbitsController->runAction()
#6 C:\inetpub\wwwroot\yii\framework\web\filters\CFilter.php(40): CFilterChain->run()
#7 C:\inetpub\wwwroot\yii\framework\web\CController.php(1145): CAccessControlFilter->filter()
#8 C:\inetpub\wwwroot\yii\framework\web\filters\CInlineFilter.php(58): RabbitsController->filterAccessControl()
#9 C:\inetpub\wwwroot\yii\framework\web\filters\CFilterChain.php(130): CInlineFilter->filter()
#10 C:\inetpub\wwwroot\yii\framework\web\CController.php(291): CFilterChain->run()
#11 C:\inetpub\wwwroot\yii\framework\web\CController.php(265): RabbitsController->runActionWithFilters()
#12 C:\inetpub\wwwroot\yii\framework\web\CWebApplication.php(282): RabbitsController->run()
#13 C:\inetpub\wwwroot\yii\framework\web\CWebApplication.php(141): CWebApplication->runController()
#14 C:\inetpub\wwwroot\yii\framework\base\CApplication.php(185): CWebApplication->processRequest()
#15 C:\inetpub\wwwroot\rab\index.php(13): CWebApplication->run()
REQUEST_URI=/rab/index.php/rabbits/work
in C:\inetpub\wwwroot\rab\protected\views\rabbits\work.php (44)
in C:\inetpub\wwwroot\rab\protected\controllers\RabbitsController.php (158)
in C:\inetpub\wwwroot\rab\index.php (13)
2017/05/10 14:36:22 [error] [php] Undefined variable: daraProvider (C:\inetpub\wwwroot\rab\protected\views\rabbits\work.php:51)
Stack trace:
#0 C:\inetpub\wwwroot\yii\framework\web\CController.php(869): RabbitsController->renderFile()
#1 C:\inetpub\wwwroot\yii\framework\web\CController.php(782): RabbitsController->renderPartial()
#2 C:\inetpub\wwwroot\rab\protected\controllers\RabbitsController.php(163): RabbitsController->render()
#3 C:\inetpub\wwwroot\yii\framework\web\actions\CInlineAction.php(49): RabbitsController->actionWork()
#4 C:\inetpub\wwwroot\yii\framework\web\CController.php(308): CInlineAction->runWithParams()
#5 C:\inetpub\wwwroot\yii\framework\web\filters\CFilterChain.php(133): RabbitsController->runAction()
#6 C:\inetpub\wwwroot\yii\framework\web\filters\CFilter.php(40): CFilterChain->run()
#7 C:\inetpub\wwwroot\yii\framework\web\CController.php(1145): CAccessControlFilter->filter()
#8 C:\inetpub\wwwroot\yii\framework\web\filters\CInlineFilter.php(58): RabbitsController->filterAccessControl()
#9 C:\inetpub\wwwroot\yii\framework\web\filters\CFilterChain.php(130): CInlineFilter->filter()
#10 C:\inetpub\wwwroot\yii\framework\web\CController.php(291): CFilterChain->run()
#11 C:\inetpub\wwwroot\yii\framework\web\CController.php(265): RabbitsController->runActionWithFilters()
#12 C:\inetpub\wwwroot\yii\framework\web\CWebApplication.php(282): RabbitsController->run()
#13 C:\inetpub\wwwroot\yii\framework\web\CWebApplication.php(141): CWebApplication->runController()
#14 C:\inetpub\wwwroot\yii\framework\base\CApplication.php(185): CWebApplication->processRequest()
#15 C:\inetpub\wwwroot\rab\index.php(13): CWebApplication->run()
REQUEST_URI=/rab/index.php/rabbits/work
in C:\inetpub\wwwroot\rab\protected\views\rabbits\work.php (51)
in C:\inetpub\wwwroot\rab\protected\controllers\RabbitsController.php (163)
in C:\inetpub\wwwroot\rab\index.php (13)
2017/05/10 14:51:03 [error] [exception.CHttpException.404] exception 'CHttpException' with message 'Системе не удалось найти запрашиваемое действие "other".' in C:\inetpub\wwwroot\yii\framework\web\CController.php:483
Stack trace:
#0 C:\inetpub\wwwroot\yii\framework\web\CController.php(270): CController->missingAction('other')
#1 C:\inetpub\wwwroot\yii\framework\web\CWebApplication.php(282): CController->run('other')
#2 C:\inetpub\wwwroot\yii\framework\web\CWebApplication.php(141): CWebApplication->runController('rabbits/other')
#3 C:\inetpub\wwwroot\yii\framework\base\CApplication.php(185): CWebApplication->processRequest()
#4 C:\inetpub\wwwroot\rab\index.php(13): CApplication->run()
#5 {main}
REQUEST_URI=/rab/index.php/rabbits/other
HTTP_REFERER=http://10.80.7.130/rab/index.php/rabbits/work
---
2017/05/10 14:51:06 [error] [exception.CHttpException.404] exception 'CHttpException' with message 'Системе не удалось найти запрашиваемое действие "archive".' in C:\inetpub\wwwroot\yii\framework\web\CController.php:483
Stack trace:
#0 C:\inetpub\wwwroot\yii\framework\web\CController.php(270): CController->missingAction('archive')
#1 C:\inetpub\wwwroot\yii\framework\web\CWebApplication.php(282): CController->run('archive')
#2 C:\inetpub\wwwroot\yii\framework\web\CWebApplication.php(141): CWebApplication->runController('rabbits/archive')
#3 C:\inetpub\wwwroot\yii\framework\base\CApplication.php(185): CWebApplication->processRequest()
#4 C:\inetpub\wwwroot\rab\index.php(13): CApplication->run()
#5 {main}
REQUEST_URI=/rab/index.php/rabbits/archive
HTTP_REFERER=http://10.80.7.130/rab/index.php/rabbits/work
---
2017/05/10 15:00:22 [error] [exception.CHttpException.404] exception 'CHttpException' with message 'Системе не удалось найти запрашиваемое действие "other".' in C:\inetpub\wwwroot\yii\framework\web\CController.php:483
Stack trace:
#0 C:\inetpub\wwwroot\yii\framework\web\CController.php(270): CController->missingAction('other')
#1 C:\inetpub\wwwroot\yii\framework\web\CWebApplication.php(282): CController->run('other')
#2 C:\inetpub\wwwroot\yii\framework\web\CWebApplication.php(141): CWebApplication->runController('rabbits/other')
#3 C:\inetpub\wwwroot\yii\framework\base\CApplication.php(185): CWebApplication->processRequest()
#4 C:\inetpub\wwwroot\rab\index.php(13): CApplication->run()
#5 {main}
REQUEST_URI=/rab/index.php/rabbits/other
HTTP_REFERER=http://10.80.7.130/rab/index.php/rabbits/work
---
2017/05/10 16:33:05 [error] [system.db.CDbCommand] Не удалось выполнить CDbCommand::fetchColumn(): SQLSTATE[42000]: Syntax error or access violation: 1064 You have an error in your SQL syntax; check the manual that corresponds to your MySQL server version for the right syntax to use near 'date_arh= 0000-00-00' at line 1. Выполнявшийся SQL-запрос: SELECT COUNT(*) FROM `rabbits` `t` WHERE ids=3 or ids=2AND date_arh= 0000-00-00.
in C:\inetpub\wwwroot\rab\protected\views\rabbits\work.php (93)
in C:\inetpub\wwwroot\rab\protected\controllers\RabbitsController.php (164)
in C:\inetpub\wwwroot\rab\index.php (13)
2017/05/10 16:33:05 [error] [exception.CDbException] exception 'CDbException' with message 'CDbCommand не удалось исполнить SQL-запрос: SQLSTATE[42000]: Syntax error or access violation: 1064 You have an error in your SQL syntax; check the manual that corresponds to your MySQL server version for the right syntax to use near 'date_arh= 0000-00-00' at line 1. The SQL statement executed was: SELECT COUNT(*) FROM `rabbits` `t` WHERE ids=3 or ids=2AND date_arh= 0000-00-00' in C:\inetpub\wwwroot\yii\framework\db\CDbCommand.php:543
Stack trace:
#0 C:\inetpub\wwwroot\yii\framework\db\CDbCommand.php(433): CDbCommand->queryInternal('fetchColumn', 0, Array)
#1 C:\inetpub\wwwroot\yii\framework\db\ar\CActiveRecord.php(1606): CDbCommand->queryScalar()
#2 C:\inetpub\wwwroot\yii\framework\web\CActiveDataProvider.php(228): CActiveRecord->count(Object(CDbCriteria))
#3 C:\inetpub\wwwroot\yii\framework\web\CDataProvider.php(224): CActiveDataProvider->calculateTotalItemCount()
#4 C:\inetpub\wwwroot\yii\framework\web\CActiveDataProvider.php(178): CDataProvider->getTotalItemCount()
#5 C:\inetpub\wwwroot\yii\framework\web\CDataProvider.php(168): CActiveDataProvider->fetchData()
#6 C:\inetpub\wwwroot\yii\framework\zii\widgets\CBaseListView.php(125): CDataProvider->getData()
#7 C:\inetpub\wwwroot\yii\framework\zii\widgets\grid\CGridView.php(340): CBaseListView->init()
#8 C:\inetpub\wwwroot\yii\framework\web\CBaseController.php(147): CGridView->init()
#9 C:\inetpub\wwwroot\yii\framework\web\CBaseController.php(180): CBaseController->createWidget('zii.widgets.gri...', Array)
#10 C:\inetpub\wwwroot\rab\protected\views\rabbits\work.php(93): CBaseController->widget('zii.widgets.gri...', Array)
#11 C:\inetpub\wwwroot\yii\framework\web\CBaseController.php(126): require('C:\\inetpub\\wwwr...')
#12 C:\inetpub\wwwroot\yii\framework\web\CBaseController.php(95): CBaseController->renderInternal('C:\\inetpub\\wwwr...', Array, true)
#13 C:\inetpub\wwwroot\yii\framework\web\CController.php(869): CBaseController->renderFile('C:\\inetpub\\wwwr...', Array, true)
#14 C:\inetpub\wwwroot\yii\framework\web\CController.php(782): CController->renderPartial('work', Array, true)
#15 C:\inetpub\wwwroot\rab\protected\controllers\RabbitsController.php(164): CController->render('work', Array)
#16 C:\inetpub\wwwroot\yii\framework\web\actions\CInlineAction.php(49): RabbitsController->actionWork()
#17 C:\inetpub\wwwroot\yii\framework\web\CController.php(308): CInlineAction->runWithParams(Array)
#18 C:\inetpub\wwwroot\yii\framework\web\filters\CFilterChain.php(133): CController->runAction(Object(CInlineAction))
#19 C:\inetpub\wwwroot\yii\framework\web\filters\CFilter.php(40): CFilterChain->run()
#20 C:\inetpub\wwwroot\yii\framework\web\CController.php(1145): CFilter->filter(Object(CFilterChain))
#21 C:\inetpub\wwwroot\yii\framework\web\filters\CInlineFilter.php(58): CController->filterAccessControl(Object(CFilterChain))
#22 C:\inetpub\wwwroot\yii\framework\web\filters\CFilterChain.php(130): CInlineFilter->filter(Object(CFilterChain))
#23 C:\inetpub\wwwroot\yii\framework\web\CController.php(291): CFilterChain->run()
#24 C:\inetpub\wwwroot\yii\framework\web\CController.php(265): CController->runActionWithFilters(Object(CInlineAction), Array)
#25 C:\inetpub\wwwroot\yii\framework\web\CWebApplication.php(282): CController->run('work')
#26 C:\inetpub\wwwroot\yii\framework\web\CWebApplication.php(141): CWebApplication->runController('rabbits/work')
#27 C:\inetpub\wwwroot\yii\framework\base\CApplication.php(185): CWebApplication->processRequest()
#28 C:\inetpub\wwwroot\rab\index.php(13): CApplication->run()
#29 {main}
REQUEST_URI=/rab/index.php/rabbits/work
HTTP_REFERER=http://10.80.7.130/rab/index.php/rabbits/index
---
2017/05/10 16:44:49 [error] [php] htmlspecialchars() expects parameter 1 to be string, object given (C:\inetpub\wwwroot\yii\framework\web\helpers\CHtml.php:108)
Stack trace:
#0 C:\inetpub\wwwroot\yii\framework\utils\CFormatter.php(128): CFormatter->formatText()
#1 C:\inetpub\wwwroot\yii\framework\zii\widgets\grid\CDataColumn.php(145): CFormatter->format()
#2 C:\inetpub\wwwroot\yii\framework\zii\widgets\grid\CGridColumn.php(231): CDataColumn->getDataCellContent()
#3 C:\inetpub\wwwroot\yii\framework\zii\widgets\grid\CGridColumn.php(154): CDataColumn->renderDataCellContent()
#4 C:\inetpub\wwwroot\yii\framework\zii\widgets\grid\CGridView.php(639): CDataColumn->renderDataCell()
#5 C:\inetpub\wwwroot\yii\framework\zii\widgets\grid\CGridView.php(623): CGridView->renderDataCell()
#6 C:\inetpub\wwwroot\yii\framework\zii\widgets\grid\CGridView.php(579): CGridView->renderTableRow()
#7 C:\inetpub\wwwroot\yii\framework\zii\widgets\grid\CGridView.php(489): CGridView->renderTableBody()
#8 C:\inetpub\wwwroot\yii\framework\zii\widgets\CBaseListView.php(181): CGridView->renderItems()
#9 unknown(0): CGridView->renderSection()
#10 C:\inetpub\wwwroot\yii\framework\zii\widgets\CBaseListView.php(164): preg_replace_callback()
#11 C:\inetpub\wwwroot\yii\framework\zii\widgets\CBaseListView.php(149): CGridView->renderContent()
#12 C:\inetpub\wwwroot\yii\framework\web\CBaseController.php(181): CGridView->run()
#13 C:\inetpub\wwwroot\rab\protected\views\rabbits\work.php(95): RabbitsController->widget()
#14 C:\inetpub\wwwroot\yii\framework\web\CBaseController.php(126): require()
#15 C:\inetpub\wwwroot\yii\framework\web\CBaseController.php(95): RabbitsController->renderInternal()
#16 C:\inetpub\wwwroot\yii\framework\web\CController.php(869): RabbitsController->renderFile()
#17 C:\inetpub\wwwroot\yii\framework\web\CController.php(782): RabbitsController->renderPartial()
#18 C:\inetpub\wwwroot\rab\protected\controllers\RabbitsController.php(164): RabbitsController->render()
#19 C:\inetpub\wwwroot\yii\framework\web\actions\CInlineAction.php(49): RabbitsController->actionWork()
#20 C:\inetpub\wwwroot\yii\framework\web\CController.php(308): CInlineAction->runWithParams()
#21 C:\inetpub\wwwroot\yii\framework\web\filters\CFilterChain.php(133): RabbitsController->runAction()
#22 C:\inetpub\wwwroot\yii\framework\web\filters\CFilter.php(40): CFilterChain->run()
#23 C:\inetpub\wwwroot\yii\framework\web\CController.php(1145): CAccessControlFilter->filter()
#24 C:\inetpub\wwwroot\yii\framework\web\filters\CInlineFilter.php(58): RabbitsController->filterAccessControl()
#25 C:\inetpub\wwwroot\yii\framework\web\filters\CFilterChain.php(130): CInlineFilter->filter()
#26 C:\inetpub\wwwroot\yii\framework\web\CController.php(291): CFilterChain->run()
#27 C:\inetpub\wwwroot\yii\framework\web\CController.php(265): RabbitsController->runActionWithFilters()
#28 C:\inetpub\wwwroot\yii\framework\web\CWebApplication.php(282): RabbitsController->run()
#29 C:\inetpub\wwwroot\yii\framework\web\CWebApplication.php(141): CWebApplication->runController()
#30 C:\inetpub\wwwroot\yii\framework\base\CApplication.php(185): CWebApplication->processRequest()
#31 C:\inetpub\wwwroot\rab\index.php(13): CWebApplication->run()
REQUEST_URI=/rab/index.php/rabbits/work
in C:\inetpub\wwwroot\rab\protected\views\rabbits\work.php (95)
in C:\inetpub\wwwroot\rab\protected\controllers\RabbitsController.php (164)
in C:\inetpub\wwwroot\rab\index.php (13)
2017/05/10 16:45:04 [error] [php] Use of undefined constant m - assumed 'm' (C:\inetpub\wwwroot\yii\framework\base\CComponent.php(612) : eval()'d code:1)
Stack trace:
#0 C:\inetpub\wwwroot\yii\framework\zii\widgets\grid\CGridColumn.php(231): CDataColumn->getDataCellContent()
#1 C:\inetpub\wwwroot\yii\framework\zii\widgets\grid\CGridColumn.php(154): CDataColumn->renderDataCellContent()
#2 C:\inetpub\wwwroot\yii\framework\zii\widgets\grid\CGridView.php(639): CDataColumn->renderDataCell()
#3 C:\inetpub\wwwroot\yii\framework\zii\widgets\grid\CGridView.php(623): CGridView->renderDataCell()
#4 C:\inetpub\wwwroot\yii\framework\zii\widgets\grid\CGridView.php(579): CGridView->renderTableRow()
#5 C:\inetpub\wwwroot\yii\framework\zii\widgets\grid\CGridView.php(489): CGridView->renderTableBody()
#6 C:\inetpub\wwwroot\yii\framework\zii\widgets\CBaseListView.php(181): CGridView->renderItems()
#7 unknown(0): CGridView->renderSection()
#8 C:\inetpub\wwwroot\yii\framework\zii\widgets\CBaseListView.php(164): preg_replace_callback()
#9 C:\inetpub\wwwroot\yii\framework\zii\widgets\CBaseListView.php(149): CGridView->renderContent()
#10 C:\inetpub\wwwroot\yii\framework\web\CBaseController.php(181): CGridView->run()
#11 C:\inetpub\wwwroot\rab\protected\views\rabbits\work.php(95): RabbitsController->widget()
#12 C:\inetpub\wwwroot\yii\framework\web\CBaseController.php(126): require()
#13 C:\inetpub\wwwroot\yii\framework\web\CBaseController.php(95): RabbitsController->renderInternal()
#14 C:\inetpub\wwwroot\yii\framework\web\CController.php(869): RabbitsController->renderFile()
#15 C:\inetpub\wwwroot\yii\framework\web\CController.php(782): RabbitsController->renderPartial()
#16 C:\inetpub\wwwroot\rab\protected\controllers\RabbitsController.php(164): RabbitsController->render()
#17 C:\inetpub\wwwroot\yii\framework\web\actions\CInlineAction.php(49): RabbitsController->actionWork()
#18 C:\inetpub\wwwroot\yii\framework\web\CController.php(308): CInlineAction->runWithParams()
#19 C:\inetpub\wwwroot\yii\framework\web\filters\CFilterChain.php(133): RabbitsController->runAction()
#20 C:\inetpub\wwwroot\yii\framework\web\filters\CFilter.php(40): CFilterChain->run()
#21 C:\inetpub\wwwroot\yii\framework\web\CController.php(1145): CAccessControlFilter->filter()
#22 C:\inetpub\wwwroot\yii\framework\web\filters\CInlineFilter.php(58): RabbitsController->filterAccessControl()
#23 C:\inetpub\wwwroot\yii\framework\web\filters\CFilterChain.php(130): CInlineFilter->filter()
#24 C:\inetpub\wwwroot\yii\framework\web\CController.php(291): CFilterChain->run()
#25 C:\inetpub\wwwroot\yii\framework\web\CController.php(265): RabbitsController->runActionWithFilters()
#26 C:\inetpub\wwwroot\yii\framework\web\CWebApplication.php(282): RabbitsController->run()
#27 C:\inetpub\wwwroot\yii\framework\web\CWebApplication.php(141): CWebApplication->runController()
#28 C:\inetpub\wwwroot\yii\framework\base\CApplication.php(185): CWebApplication->processRequest()
#29 C:\inetpub\wwwroot\rab\index.php(13): CWebApplication->run()
REQUEST_URI=/rab/index.php/rabbits/work
in C:\inetpub\wwwroot\rab\protected\views\rabbits\work.php (95)
in C:\inetpub\wwwroot\rab\protected\controllers\RabbitsController.php (164)
in C:\inetpub\wwwroot\rab\index.php (13)
2017/05/10 16:47:17 [error] [php] Undefined variable: data (C:\inetpub\wwwroot\rab\protected\views\rabbits\work.php:62)
Stack trace:
#0 C:\inetpub\wwwroot\yii\framework\web\CController.php(869): RabbitsController->renderFile()
#1 C:\inetpub\wwwroot\yii\framework\web\CController.php(782): RabbitsController->renderPartial()
#2 C:\inetpub\wwwroot\rab\protected\controllers\RabbitsController.php(164): RabbitsController->render()
#3 C:\inetpub\wwwroot\yii\framework\web\actions\CInlineAction.php(49): RabbitsController->actionWork()
#4 C:\inetpub\wwwroot\yii\framework\web\CController.php(308): CInlineAction->runWithParams()
#5 C:\inetpub\wwwroot\yii\framework\web\filters\CFilterChain.php(133): RabbitsController->runAction()
#6 C:\inetpub\wwwroot\yii\framework\web\filters\CFilter.php(40): CFilterChain->run()
#7 C:\inetpub\wwwroot\yii\framework\web\CController.php(1145): CAccessControlFilter->filter()
#8 C:\inetpub\wwwroot\yii\framework\web\filters\CInlineFilter.php(58): RabbitsController->filterAccessControl()
#9 C:\inetpub\wwwroot\yii\framework\web\filters\CFilterChain.php(130): CInlineFilter->filter()
#10 C:\inetpub\wwwroot\yii\framework\web\CController.php(291): CFilterChain->run()
#11 C:\inetpub\wwwroot\yii\framework\web\CController.php(265): RabbitsController->runActionWithFilters()
#12 C:\inetpub\wwwroot\yii\framework\web\CWebApplication.php(282): RabbitsController->run()
#13 C:\inetpub\wwwroot\yii\framework\web\CWebApplication.php(141): CWebApplication->runController()
#14 C:\inetpub\wwwroot\yii\framework\base\CApplication.php(185): CWebApplication->processRequest()
#15 C:\inetpub\wwwroot\rab\index.php(13): CWebApplication->run()
REQUEST_URI=/rab/index.php/rabbits/work
in C:\inetpub\wwwroot\rab\protected\views\rabbits\work.php (62)
in C:\inetpub\wwwroot\rab\protected\controllers\RabbitsController.php (164)
in C:\inetpub\wwwroot\rab\index.php (13)
2017/05/10 16:55:00 [error] [php] Undefined property: DateInterval::$mм (C:\inetpub\wwwroot\yii\framework\base\CComponent.php(612) : eval()'d code:1)
Stack trace:
#0 C:\inetpub\wwwroot\yii\framework\zii\widgets\grid\CGridColumn.php(231): CDataColumn->getDataCellContent()
#1 C:\inetpub\wwwroot\yii\framework\zii\widgets\grid\CGridColumn.php(154): CDataColumn->renderDataCellContent()
#2 C:\inetpub\wwwroot\yii\framework\zii\widgets\grid\CGridView.php(639): CDataColumn->renderDataCell()
#3 C:\inetpub\wwwroot\yii\framework\zii\widgets\grid\CGridView.php(623): CGridView->renderDataCell()
#4 C:\inetpub\wwwroot\yii\framework\zii\widgets\grid\CGridView.php(579): CGridView->renderTableRow()
#5 C:\inetpub\wwwroot\yii\framework\zii\widgets\grid\CGridView.php(489): CGridView->renderTableBody()
#6 C:\inetpub\wwwroot\yii\framework\zii\widgets\CBaseListView.php(181): CGridView->renderItems()
#7 unknown(0): CGridView->renderSection()
#8 C:\inetpub\wwwroot\yii\framework\zii\widgets\CBaseListView.php(164): preg_replace_callback()
#9 C:\inetpub\wwwroot\yii\framework\zii\widgets\CBaseListView.php(149): CGridView->renderContent()
#10 C:\inetpub\wwwroot\yii\framework\web\CBaseController.php(181): CGridView->run()
#11 C:\inetpub\wwwroot\rab\protected\views\rabbits\work.php(93): RabbitsController->widget()
#12 C:\inetpub\wwwroot\yii\framework\web\CBaseController.php(126): require()
#13 C:\inetpub\wwwroot\yii\framework\web\CBaseController.php(95): RabbitsController->renderInternal()
#14 C:\inetpub\wwwroot\yii\framework\web\CController.php(869): RabbitsController->renderFile()
#15 C:\inetpub\wwwroot\yii\framework\web\CController.php(782): RabbitsController->renderPartial()
#16 C:\inetpub\wwwroot\rab\protected\controllers\RabbitsController.php(164): RabbitsController->render()
#17 C:\inetpub\wwwroot\yii\framework\web\actions\CInlineAction.php(49): RabbitsController->actionWork()
#18 C:\inetpub\wwwroot\yii\framework\web\CController.php(308): CInlineAction->runWithParams()
#19 C:\inetpub\wwwroot\yii\framework\web\filters\CFilterChain.php(133): RabbitsController->runAction()
#20 C:\inetpub\wwwroot\yii\framework\web\filters\CFilter.php(40): CFilterChain->run()
#21 C:\inetpub\wwwroot\yii\framework\web\CController.php(1145): CAccessControlFilter->filter()
#22 C:\inetpub\wwwroot\yii\framework\web\filters\CInlineFilter.php(58): RabbitsController->filterAccessControl()
#23 C:\inetpub\wwwroot\yii\framework\web\filters\CFilterChain.php(130): CInlineFilter->filter()
#24 C:\inetpub\wwwroot\yii\framework\web\CController.php(291): CFilterChain->run()
#25 C:\inetpub\wwwroot\yii\framework\web\CController.php(265): RabbitsController->runActionWithFilters()
#26 C:\inetpub\wwwroot\yii\framework\web\CWebApplication.php(282): RabbitsController->run()
#27 C:\inetpub\wwwroot\yii\framework\web\CWebApplication.php(141): CWebApplication->runController()
#28 C:\inetpub\wwwroot\yii\framework\base\CApplication.php(185): CWebApplication->processRequest()
#29 C:\inetpub\wwwroot\rab\index.php(13): CWebApplication->run()
REQUEST_URI=/rab/index.php/rabbits/work
in C:\inetpub\wwwroot\rab\protected\views\rabbits\work.php (93)
in C:\inetpub\wwwroot\rab\protected\controllers\RabbitsController.php (164)
in C:\inetpub\wwwroot\rab\index.php (13)
2017/05/11 08:23:12 [error] [exception.CHttpException.404] exception 'CHttpException' with message 'Системе не удалось найти запрашиваемое действие "other".' in C:\inetpub\wwwroot\yii\framework\web\CController.php:483
Stack trace:
#0 C:\inetpub\wwwroot\yii\framework\web\CController.php(270): CController->missingAction('other')
#1 C:\inetpub\wwwroot\yii\framework\web\CWebApplication.php(282): CController->run('other')
#2 C:\inetpub\wwwroot\yii\framework\web\CWebApplication.php(141): CWebApplication->runController('rabbits/other')
#3 C:\inetpub\wwwroot\yii\framework\base\CApplication.php(185): CWebApplication->processRequest()
#4 C:\inetpub\wwwroot\rab\index.php(13): CApplication->run()
#5 {main}
REQUEST_URI=/rab/index.php/rabbits/other
HTTP_REFERER=http://10.80.7.130/rab/index.php/rabbits/work
---
2017/05/11 09:06:43 [error] [exception.CHttpException.404] exception 'CHttpException' with message 'Системе не удалось найти запрашиваемое действие "other".' in C:\inetpub\wwwroot\yii\framework\web\CController.php:483
Stack trace:
#0 C:\inetpub\wwwroot\yii\framework\web\CController.php(270): CController->missingAction('other')
#1 C:\inetpub\wwwroot\yii\framework\web\CWebApplication.php(282): CController->run('other')
#2 C:\inetpub\wwwroot\yii\framework\web\CWebApplication.php(141): CWebApplication->runController('rabbits/other')
#3 C:\inetpub\wwwroot\yii\framework\base\CApplication.php(185): CWebApplication->processRequest()
#4 C:\inetpub\wwwroot\rab\index.php(13): CApplication->run()
#5 {main}
REQUEST_URI=/rab/index.php/rabbits/other
HTTP_REFERER=http://10.80.7.130/rab/index.php/rabbits/work
---
2017/05/11 09:10:22 [error] [exception.CHttpException.404] exception 'CHttpException' with message 'Системе не удалось найти запрашиваемое действие "archive".' in C:\inetpub\wwwroot\yii\framework\web\CController.php:483
Stack trace:
#0 C:\inetpub\wwwroot\yii\framework\web\CController.php(270): CController->missingAction('archive')
#1 C:\inetpub\wwwroot\yii\framework\web\CWebApplication.php(282): CController->run('archive')
#2 C:\inetpub\wwwroot\yii\framework\web\CWebApplication.php(141): CWebApplication->runController('rabbits/archive')
#3 C:\inetpub\wwwroot\yii\framework\base\CApplication.php(185): CWebApplication->processRequest()
#4 C:\inetpub\wwwroot\rab\index.php(13): CApplication->run()
#5 {main}
REQUEST_URI=/rab/index.php/rabbits/archive
HTTP_REFERER=http://10.80.7.130/rab/index.php/rabbits/work
---
2017/05/11 10:07:43 [error] [exception.CHttpException.404] exception 'CHttpException' with message 'Системе не удалось найти запрашиваемое действие "archive".' in C:\inetpub\wwwroot\yii\framework\web\CController.php:483
Stack trace:
#0 C:\inetpub\wwwroot\yii\framework\web\CController.php(270): CController->missingAction('archive')
#1 C:\inetpub\wwwroot\yii\framework\web\CWebApplication.php(282): CController->run('archive')
#2 C:\inetpub\wwwroot\yii\framework\web\CWebApplication.php(141): CWebApplication->runController('rabbits/archive')
#3 C:\inetpub\wwwroot\yii\framework\base\CApplication.php(185): CWebApplication->processRequest()
#4 C:\inetpub\wwwroot\rab\index.php(13): CApplication->run()
#5 {main}
REQUEST_URI=/rab/index.php/rabbits/archive
HTTP_REFERER=http://10.80.7.130/rab/index.php/rabbits/work
---
2017/05/11 13:01:10 [error] [php] Undefined variable: data (C:\inetpub\wwwroot\rab\protected\views\rabbits\_view.php:9)
Stack trace:
#0 C:\inetpub\wwwroot\yii\framework\web\CController.php(869): RabbitsController->renderFile()
#1 C:\inetpub\wwwroot\yii\framework\web\CController.php(782): RabbitsController->renderPartial()
#2 C:\inetpub\wwwroot\rab\protected\views\rabbits\view.php(22): RabbitsController->render()
#3 C:\inetpub\wwwroot\yii\framework\web\CBaseController.php(126): require()
#4 C:\inetpub\wwwroot\yii\framework\web\CBaseController.php(95): RabbitsController->renderInternal()
#5 C:\inetpub\wwwroot\yii\framework\web\CController.php(869): RabbitsController->renderFile()
#6 C:\inetpub\wwwroot\yii\framework\web\CController.php(782): RabbitsController->renderPartial()
#7 C:\inetpub\wwwroot\rab\protected\controllers\RabbitsController.php(56): RabbitsController->render()
#8 unknown(0): RabbitsController->actionView()
#9 C:\inetpub\wwwroot\yii\framework\web\actions\CAction.php(109): ReflectionMethod->invokeArgs()
#10 C:\inetpub\wwwroot\yii\framework\web\actions\CInlineAction.php(47): CInlineAction->runWithParamsInternal()
#11 C:\inetpub\wwwroot\yii\framework\web\CController.php(308): CInlineAction->runWithParams()
#12 C:\inetpub\wwwroot\yii\framework\web\filters\CFilterChain.php(133): RabbitsController->runAction()
#13 C:\inetpub\wwwroot\yii\framework\web\filters\CFilter.php(40): CFilterChain->run()
#14 C:\inetpub\wwwroot\yii\framework\web\CController.php(1145): CAccessControlFilter->filter()
#15 C:\inetpub\wwwroot\yii\framework\web\filters\CInlineFilter.php(58): RabbitsController->filterAccessControl()
#16 C:\inetpub\wwwroot\yii\framework\web\filters\CFilterChain.php(130): CInlineFilter->filter()
#17 C:\inetpub\wwwroot\yii\framework\web\CController.php(291): CFilterChain->run()
#18 C:\inetpub\wwwroot\yii\framework\web\CController.php(265): RabbitsController->runActionWithFilters()
#19 C:\inetpub\wwwroot\yii\framework\web\CWebApplication.php(282): RabbitsController->run()
#20 C:\inetpub\wwwroot\yii\framework\web\CWebApplication.php(141): CWebApplication->runController()
#21 C:\inetpub\wwwroot\yii\framework\base\CApplication.php(185): CWebApplication->processRequest()
#22 C:\inetpub\wwwroot\rab\index.php(13): CWebApplication->run()
REQUEST_URI=/rab/index.php/rabbits/5
in C:\inetpub\wwwroot\rab\protected\views\rabbits\_view.php (9)
in C:\inetpub\wwwroot\rab\protected\views\rabbits\view.php (22)
in C:\inetpub\wwwroot\rab\protected\controllers\RabbitsController.php (56)
2017/05/11 13:06:02 [error] [php] Undefined variable: model (C:\inetpub\wwwroot\rab\protected\views\rabbits\_view.php:13)
Stack trace:
#0 C:\inetpub\wwwroot\yii\framework\web\CController.php(869): RabbitsController->renderFile()
#1 C:\inetpub\wwwroot\yii\framework\web\CController.php(782): RabbitsController->renderPartial()
#2 C:\inetpub\wwwroot\rab\protected\controllers\RabbitsController.php(56): RabbitsController->render()
#3 unknown(0): RabbitsController->actionView()
#4 C:\inetpub\wwwroot\yii\framework\web\actions\CAction.php(109): ReflectionMethod->invokeArgs()
#5 C:\inetpub\wwwroot\yii\framework\web\actions\CInlineAction.php(47): CInlineAction->runWithParamsInternal()
#6 C:\inetpub\wwwroot\yii\framework\web\CController.php(308): CInlineAction->runWithParams()
#7 C:\inetpub\wwwroot\yii\framework\web\filters\CFilterChain.php(133): RabbitsController->runAction()
#8 C:\inetpub\wwwroot\yii\framework\web\filters\CFilter.php(40): CFilterChain->run()
#9 C:\inetpub\wwwroot\yii\framework\web\CController.php(1145): CAccessControlFilter->filter()
#10 C:\inetpub\wwwroot\yii\framework\web\filters\CInlineFilter.php(58): RabbitsController->filterAccessControl()
#11 C:\inetpub\wwwroot\yii\framework\web\filters\CFilterChain.php(130): CInlineFilter->filter()
#12 C:\inetpub\wwwroot\yii\framework\web\CController.php(291): CFilterChain->run()
#13 C:\inetpub\wwwroot\yii\framework\web\CController.php(265): RabbitsController->runActionWithFilters()
#14 C:\inetpub\wwwroot\yii\framework\web\CWebApplication.php(282): RabbitsController->run()
#15 C:\inetpub\wwwroot\yii\framework\web\CWebApplication.php(141): CWebApplication->runController()
#16 C:\inetpub\wwwroot\yii\framework\base\CApplication.php(185): CWebApplication->processRequest()
#17 C:\inetpub\wwwroot\rab\index.php(13): CWebApplication->run()
REQUEST_URI=/rab/index.php/rabbits/5
in C:\inetpub\wwwroot\rab\protected\views\rabbits\_view.php (13)
in C:\inetpub\wwwroot\rab\protected\controllers\RabbitsController.php (56)
in C:\inetpub\wwwroot\rab\index.php (13)
2017/05/11 13:34:57 [warning] [application] Не удалось присвоить небезопасный атрибут "pol" класса "Rabbits".
in C:\inetpub\wwwroot\rab\protected\controllers\RabbitsController.php (155)
in C:\inetpub\wwwroot\rab\protected\controllers\RabbitsController.php (127)
in C:\inetpub\wwwroot\rab\index.php (13)
2017/05/11 13:35:25 [warning] [application] Не удалось присвоить небезопасный атрибут "pol" класса "Rabbits".
in C:\inetpub\wwwroot\rab\protected\controllers\RabbitsController.php (155)
in C:\inetpub\wwwroot\rab\protected\controllers\RabbitsController.php (127)
in C:\inetpub\wwwroot\rab\index.php (13)
2017/05/11 13:54:47 [error] [exception.CException] exception 'CException' with message 'В классе Rabbits и его поведениях не найден метод или замыкание с именем "loadModel".' in C:\inetpub\wwwroot\yii\framework\base\CComponent.php:266
Stack trace:
#0 C:\inetpub\wwwroot\yii\framework\db\ar\CActiveRecord.php(227): CComponent->__call('loadModel', Array)
#1 C:\inetpub\wwwroot\rab\protected\views\rabbits\_view.php(56): CActiveRecord->__call('loadModel', Array)
#2 C:\inetpub\wwwroot\rab\protected\views\rabbits\_view.php(56): Rabbits->loadModel('11')
#3 C:\inetpub\wwwroot\yii\framework\web\CBaseController.php(126): require('C:\\inetpub\\wwwr...')
#4 C:\inetpub\wwwroot\yii\framework\web\CBaseController.php(95): CBaseController->renderInternal('C:\\inetpub\\wwwr...', Array, true)
#5 C:\inetpub\wwwroot\yii\framework\web\CController.php(869): CBaseController->renderFile('C:\\inetpub\\wwwr...', Array, true)
#6 C:\inetpub\wwwroot\yii\framework\web\CController.php(782): CController->renderPartial('_view', Array, true)
#7 C:\inetpub\wwwroot\rab\protected\controllers\RabbitsController.php(57): CController->render('_view', Array)
#8 [internal function]: RabbitsController->actionView('14')
#9 C:\inetpub\wwwroot\yii\framework\web\actions\CAction.php(109): ReflectionMethod->invokeArgs(Object(RabbitsController), Array)
#10 C:\inetpub\wwwroot\yii\framework\web\actions\CInlineAction.php(47): CAction->runWithParamsInternal(Object(RabbitsController), Object(ReflectionMethod), Array)
#11 C:\inetpub\wwwroot\yii\framework\web\CController.php(308): CInlineAction->runWithParams(Array)
#12 C:\inetpub\wwwroot\yii\framework\web\filters\CFilterChain.php(133): CController->runAction(Object(CInlineAction))
#13 C:\inetpub\wwwroot\yii\framework\web\filters\CFilter.php(40): CFilterChain->run()
#14 C:\inetpub\wwwroot\yii\framework\web\CController.php(1145): CFilter->filter(Object(CFilterChain))
#15 C:\inetpub\wwwroot\yii\framework\web\filters\CInlineFilter.php(58): CController->filterAccessControl(Object(CFilterChain))
#16 C:\inetpub\wwwroot\yii\framework\web\filters\CFilterChain.php(130): CInlineFilter->filter(Object(CFilterChain))
#17 C:\inetpub\wwwroot\yii\framework\web\CController.php(291): CFilterChain->run()
#18 C:\inetpub\wwwroot\yii\framework\web\CController.php(265): CController->runActionWithFilters(Object(CInlineAction), Array)
#19 C:\inetpub\wwwroot\yii\framework\web\CWebApplication.php(282): CController->run('view')
#20 C:\inetpub\wwwroot\yii\framework\web\CWebApplication.php(141): CWebApplication->runController('rabbits/view')
#21 C:\inetpub\wwwroot\yii\framework\base\CApplication.php(185): CWebApplication->processRequest()
#22 C:\inetpub\wwwroot\rab\index.php(13): CApplication->run()
#23 {main}
REQUEST_URI=/rab/index.php/rabbits/14
HTTP_REFERER=http://10.80.7.130/rab/index.php/rabbits/index
---
2017/05/11 14:01:25 [error] [php] Object of class DateInterval could not be converted to string (C:\inetpub\wwwroot\rab\protected\views\rabbits\_view.php:43)
Stack trace:
#0 C:\inetpub\wwwroot\yii\framework\web\CController.php(869): RabbitsController->renderFile()
#1 C:\inetpub\wwwroot\yii\framework\web\CController.php(782): RabbitsController->renderPartial()
#2 C:\inetpub\wwwroot\rab\protected\controllers\RabbitsController.php(57): RabbitsController->render()
#3 unknown(0): RabbitsController->actionView()
#4 C:\inetpub\wwwroot\yii\framework\web\actions\CAction.php(109): ReflectionMethod->invokeArgs()
#5 C:\inetpub\wwwroot\yii\framework\web\actions\CInlineAction.php(47): CInlineAction->runWithParamsInternal()
#6 C:\inetpub\wwwroot\yii\framework\web\CController.php(308): CInlineAction->runWithParams()
#7 C:\inetpub\wwwroot\yii\framework\web\filters\CFilterChain.php(133): RabbitsController->runAction()
#8 C:\inetpub\wwwroot\yii\framework\web\filters\CFilter.php(40): CFilterChain->run()
#9 C:\inetpub\wwwroot\yii\framework\web\CController.php(1145): CAccessControlFilter->filter()
#10 C:\inetpub\wwwroot\yii\framework\web\filters\CInlineFilter.php(58): RabbitsController->filterAccessControl()
#11 C:\inetpub\wwwroot\yii\framework\web\filters\CFilterChain.php(130): CInlineFilter->filter()
#12 C:\inetpub\wwwroot\yii\framework\web\CController.php(291): CFilterChain->run()
#13 C:\inetpub\wwwroot\yii\framework\web\CController.php(265): RabbitsController->runActionWithFilters()
#14 C:\inetpub\wwwroot\yii\framework\web\CWebApplication.php(282): RabbitsController->run()
#15 C:\inetpub\wwwroot\yii\framework\web\CWebApplication.php(141): CWebApplication->runController()
#16 C:\inetpub\wwwroot\yii\framework\base\CApplication.php(185): CWebApplication->processRequest()
#17 C:\inetpub\wwwroot\rab\index.php(13): CWebApplication->run()
REQUEST_URI=/rab/index.php/rabbits/14
in C:\inetpub\wwwroot\rab\protected\views\rabbits\_view.php (43)
in C:\inetpub\wwwroot\rab\protected\controllers\RabbitsController.php (57)
in C:\inetpub\wwwroot\rab\index.php (13)
2017/05/11 14:02:15 [error] [php] Object of class DateInterval could not be converted to string (C:\inetpub\wwwroot\rab\protected\views\rabbits\_view.php:44)
Stack trace:
#0 C:\inetpub\wwwroot\yii\framework\web\CController.php(869): RabbitsController->renderFile()
#1 C:\inetpub\wwwroot\yii\framework\web\CController.php(782): RabbitsController->renderPartial()
#2 C:\inetpub\wwwroot\rab\protected\controllers\RabbitsController.php(57): RabbitsController->render()
#3 unknown(0): RabbitsController->actionView()
#4 C:\inetpub\wwwroot\yii\framework\web\actions\CAction.php(109): ReflectionMethod->invokeArgs()
#5 C:\inetpub\wwwroot\yii\framework\web\actions\CInlineAction.php(47): CInlineAction->runWithParamsInternal()
#6 C:\inetpub\wwwroot\yii\framework\web\CController.php(308): CInlineAction->runWithParams()
#7 C:\inetpub\wwwroot\yii\framework\web\filters\CFilterChain.php(133): RabbitsController->runAction()
#8 C:\inetpub\wwwroot\yii\framework\web\filters\CFilter.php(40): CFilterChain->run()
#9 C:\inetpub\wwwroot\yii\framework\web\CController.php(1145): CAccessControlFilter->filter()
#10 C:\inetpub\wwwroot\yii\framework\web\filters\CInlineFilter.php(58): RabbitsController->filterAccessControl()
#11 C:\inetpub\wwwroot\yii\framework\web\filters\CFilterChain.php(130): CInlineFilter->filter()
#12 C:\inetpub\wwwroot\yii\framework\web\CController.php(291): CFilterChain->run()
#13 C:\inetpub\wwwroot\yii\framework\web\CController.php(265): RabbitsController->runActionWithFilters()
#14 C:\inetpub\wwwroot\yii\framework\web\CWebApplication.php(282): RabbitsController->run()
#15 C:\inetpub\wwwroot\yii\framework\web\CWebApplication.php(141): CWebApplication->runController()
#16 C:\inetpub\wwwroot\yii\framework\base\CApplication.php(185): CWebApplication->processRequest()
#17 C:\inetpub\wwwroot\rab\index.php(13): CWebApplication->run()
REQUEST_URI=/rab/index.php/rabbits/14
in C:\inetpub\wwwroot\rab\protected\views\rabbits\_view.php (44)
in C:\inetpub\wwwroot\rab\protected\controllers\RabbitsController.php (57)
in C:\inetpub\wwwroot\rab\index.php (13)
2017/05/11 14:04:35 [error] [exception.CException] exception 'CException' with message 'Не определено свойство "RabbitsController.date_r".' in C:\inetpub\wwwroot\yii\framework\base\CComponent.php:130
Stack trace:
#0 C:\inetpub\wwwroot\rab\protected\controllers\RabbitsController.php(219): CComponent->__get('date_r')
#1 C:\inetpub\wwwroot\rab\protected\controllers\RabbitsController.php(55): RabbitsController->loadModel('14')
#2 [internal function]: RabbitsController->actionView('14')
#3 C:\inetpub\wwwroot\yii\framework\web\actions\CAction.php(109): ReflectionMethod->invokeArgs(Object(RabbitsController), Array)
#4 C:\inetpub\wwwroot\yii\framework\web\actions\CInlineAction.php(47): CAction->runWithParamsInternal(Object(RabbitsController), Object(ReflectionMethod), Array)
#5 C:\inetpub\wwwroot\yii\framework\web\CController.php(308): CInlineAction->runWithParams(Array)
#6 C:\inetpub\wwwroot\yii\framework\web\filters\CFilterChain.php(133): CController->runAction(Object(CInlineAction))
#7 C:\inetpub\wwwroot\yii\framework\web\filters\CFilter.php(40): CFilterChain->run()
#8 C:\inetpub\wwwroot\yii\framework\web\CController.php(1145): CFilter->filter(Object(CFilterChain))
#9 C:\inetpub\wwwroot\yii\framework\web\filters\CInlineFilter.php(58): CController->filterAccessControl(Object(CFilterChain))
#10 C:\inetpub\wwwroot\yii\framework\web\filters\CFilterChain.php(130): CInlineFilter->filter(Object(CFilterChain))
#11 C:\inetpub\wwwroot\yii\framework\web\CController.php(291): CFilterChain->run()
#12 C:\inetpub\wwwroot\yii\framework\web\CController.php(265): CController->runActionWithFilters(Object(CInlineAction), Array)
#13 C:\inetpub\wwwroot\yii\framework\web\CWebApplication.php(282): CController->run('view')
#14 C:\inetpub\wwwroot\yii\framework\web\CWebApplication.php(141): CWebApplication->runController('rabbits/view')
#15 C:\inetpub\wwwroot\yii\framework\base\CApplication.php(185): CWebApplication->processRequest()
#16 C:\inetpub\wwwroot\rab\index.php(13): CApplication->run()
#17 {main}
REQUEST_URI=/rab/index.php/rabbits/14
HTTP_REFERER=http://10.80.7.130/rab/index.php/rabbits/index
---
